<?xml version="1.0" encoding="UTF-8"?>
<!-- Generated by org.testng.reporters.JUnitXMLReporter -->
<testsuite hostname="DESKTOP-HC1J7FO" ignored="0" name="Default test" tests="3" failures="0" timestamp="2022-08-11T11:31:26 IST" time="1.423" errors="0">
  <testcase name="createMultipleProject" time="1.338" classname="DataDrivenTesting.CreateMultipleProjects"/>
  <testcase name="createMultipleProject" time="0.027" classname="DataDrivenTesting.CreateMultipleProjects"/>
  <testcase name="createMultipleProject" time="0.025" classname="DataDrivenTesting.CreateMultipleProjects"/>
</testsuite> <!-- Default test -->
